<testsuites id="" name="" tests="9" failures="5" skipped="0" errors="0" time="64.01729">
<testsuite name="tests/API Tests/bookstoreAPI.spec.ts" timestamp="2024-03-14T12:48:46.318Z" hostname="chromium" tests="4" failures="0" skipped="0" time="1.224" errors="0">
<testcase name="API Tests › API test case 1 - create user" classname="tests/API Tests/bookstoreAPI.spec.ts" time="0.348">
<system-out>
<![CDATA[Generated Username: sCTesting381710420526585

]]>
</system-out>
</testcase>
<testcase name="API Tests › API test case 2 - Generate Token and Authorised user" classname="tests/API Tests/bookstoreAPI.spec.ts" time="0.661">
<system-out>
<![CDATA[{
  token: [32m'eyJhbGciOiJIUzI1NiIsInR5cCI6IkpXVCJ9.eyJ1c2VyTmFtZSI6InNDVGVzdGluZzM4MTcxMDQyMDUyNjU4NSIsInBhc3N3b3JkIjoiVGVzdCMxMjMiLCJpYXQiOjE3MTA0MjA1Mjd9.AiyP3l2xa121i48g_DvdXBMR0bqkltUNm-ziznasl20'[39m,
  expires: [32m'2024-03-21T12:48:47.013Z'[39m,
  status: [32m'Success'[39m,
  result: [32m'User authorized successfully.'[39m
}
[33mtrue[39m
]]>
</system-out>
</testcase>
<testcase name="API Tests ›  API test case 3 - Get Books" classname="tests/API Tests/bookstoreAPI.spec.ts" time="0.076">
<system-out>
<![CDATA[{
  books: [
    {
      isbn: [32m'9781449325862'[39m,
      title: [32m'Git Pocket Guide'[39m,
      subTitle: [32m'A Working Introduction'[39m,
      author: [32m'Richard E. Silverman'[39m,
      publish_date: [32m'2020-06-04T08:48:39.000Z'[39m,
      publisher: [32m"O'Reilly Media"[39m,
      pages: [33m234[39m,
      description: [32m'This pocket guide is the perfect on-the-job companion to Git, the distributed version control system. It provides a compact, readable introduction to Git for new users, as well as a reference to common commands and procedures for those of you with Git exp'[39m,
      website: [32m'http://chimera.labs.oreilly.com/books/1230000000561/index.html'[39m
    },
    {
      isbn: [32m'9781449331818'[39m,
      title: [32m'Learning JavaScript Design Patterns'[39m,
      subTitle: [32m"A JavaScript and jQuery Developer's Guide"[39m,
      author: [32m'Addy Osmani'[39m,
      publish_date: [32m'2020-06-04T09:11:40.000Z'[39m,
      publisher: [32m"O'Reilly Media"[39m,
      pages: [33m254[39m,
      description: [32m"With Learning JavaScript Design Patterns, you'll learn how to write beautiful, structured, and maintainable JavaScript by applying classical and modern design patterns to the language. If you want to keep your code efficient, more manageable, and up-to-da"[39m,
      website: [32m'http://www.addyosmani.com/resources/essentialjsdesignpatterns/book/'[39m
    },
    {
      isbn: [32m'9781449337711'[39m,
      title: [32m'Designing Evolvable Web APIs with ASP.NET'[39m,
      subTitle: [32m'Harnessing the Power of the Web'[39m,
      author: [32m'Glenn Block et al.'[39m,
      publish_date: [32m'2020-06-04T09:12:43.000Z'[39m,
      publisher: [32m"O'Reilly Media"[39m,
      pages: [33m238[39m,
      description: [32m'Design and build Web APIs for a broad range of clients—including browsers and mobile devices—that can adapt to change over time. This practical, hands-on guide takes you through the theory and tools you need to build evolvable HTTP services with Microsoft'[39m,
      website: [32m'http://chimera.labs.oreilly.com/books/1234000001708/index.html'[39m
    },
    {
      isbn: [32m'9781449365035'[39m,
      title: [32m'Speaking JavaScript'[39m,
      subTitle: [32m'An In-Depth Guide for Programmers'[39m,
      author: [32m'Axel Rauschmayer'[39m,
      publish_date: [32m'2014-02-01T00:00:00.000Z'[39m,
      publisher: [32m"O'Reilly Media"[39m,
      pages: [33m460[39m,
      description: [32m'Like it or not, JavaScript is everywhere these days-from browser to server to mobile-and now you, too, need to learn the language or dive deeper than you have. This concise book guides you into and through JavaScript, written by a veteran programmer who o'[39m,
      website: [32m'http://speakingjs.com/'[39m
    },
    {
      isbn: [32m'9781491904244'[39m,
      title: [32m"You Don't Know JS"[39m,
      subTitle: [32m'ES6 & Beyond'[39m,
      author: [32m'Kyle Simpson'[39m,
      publish_date: [32m'2015-12-27T00:00:00.000Z'[39m,
      publisher: [32m"O'Reilly Media"[39m,
      pages: [33m278[39m,
      description: [32m'No matter how much experience you have with JavaScript, odds are you don’t fully understand the language. As part of the \\"You Don’t Know JS\\" series, this compact guide focuses on new features available in ECMAScript 6 (ES6), the latest version of the st'[39m,
      website: [32m'https://github.com/getify/You-Dont-Know-JS/tree/master/es6%20&%20beyond'[39m
    },
    {
      isbn: [32m'9781491950296'[39m,
      title: [32m'Programming JavaScript Applications'[39m,
      subTitle: [32m'Robust Web Architecture with Node, HTML5, and Modern JS Libraries'[39m,
      author: [32m'Eric Elliott'[39m,
      publish_date: [32m'2014-07-01T00:00:00.000Z'[39m,
      publisher: [32m"O'Reilly Media"[39m,
      pages: [33m254[39m,
      description: [32m"Take advantage of JavaScript's power to build robust web-scale or enterprise applications that are easy to extend and maintain. By applying the design patterns outlined in this practical book, experienced JavaScript developers will learn how to write flex"[39m,
      website: [32m'http://chimera.labs.oreilly.com/books/1234000000262/index.html'[39m
    },
    {
      isbn: [32m'9781593275846'[39m,
      title: [32m'Eloquent JavaScript, Second Edition'[39m,
      subTitle: [32m'A Modern Introduction to Programming'[39m,
      author: [32m'Marijn Haverbeke'[39m,
      publish_date: [32m'2014-12-14T00:00:00.000Z'[39m,
      publisher: [32m'No Starch Press'[39m,
      pages: [33m472[39m,
      description: [32m'JavaScript lies at the heart of almost every modern web application, from social apps to the newest browser-based games. Though simple for beginners to pick up and play with, JavaScript is a flexible, complex language that you can use to build full-scale '[39m,
      website: [32m'http://eloquentjavascript.net/'[39m
    },
    {
      isbn: [32m'9781593277574'[39m,
      title: [32m'Understanding ECMAScript 6'[39m,
      subTitle: [32m'The Definitive Guide for JavaScript Developers'[39m,
      author: [32m'Nicholas C. Zakas'[39m,
      publish_date: [32m'2016-09-03T00:00:00.000Z'[39m,
      publisher: [32m'No Starch Press'[39m,
      pages: [33m352[39m,
      description: [32m'ECMAScript 6 represents the biggest update to the core of JavaScript in the history of the language. In Understanding ECMAScript 6, expert developer Nicholas C. Zakas provides a complete guide to the object types, syntax, and other exciting changes that E'[39m,
      website: [32m'https://leanpub.com/understandinges6/read'[39m
    }
  ]
}
]]>
</system-out>
</testcase>
<testcase name="API Tests › API test case 4 - Post the books to user" classname="tests/API Tests/bookstoreAPI.spec.ts" time="0.139">
<system-out>
<![CDATA[{ books: [ { isbn: [32m'9781449331818'[39m } ] }
]]>
</system-out>
</testcase>
</testsuite>
<testsuite name="tests/UI Tests/bookstoreUI.spec.ts" timestamp="2024-03-14T12:48:46.318Z" hostname="chromium" tests="2" failures="2" skipped="0" time="60" errors="0">
<testcase name="UI test case 1 - Login with API created credentials" classname="tests/UI Tests/bookstoreUI.spec.ts" time="30">
<failure message="bookstoreUI.spec.ts:8:5 UI test case 1 - Login with API created credentials" type="FAILURE">
<![CDATA[  [chromium] › tests/UI Tests/bookstoreUI.spec.ts:8:5 › UI test case 1 - Login with API created credentials 

    Test timeout of 30000ms exceeded.

    Error: locator.click: Test timeout of 30000ms exceeded.
    Call log:
      - waiting for getByLabel('Consent', { exact: true })


       at Pages/resusablefunction.ts:23

      21 |
      22 |     async clickConsent() {
    > 23 |         await this.page.getByLabel('Consent', { exact: true }).click();
         |                                                                ^
      24 |     }
      25 |     async handelAdds() {
      26 |         PlaywrightBlocker.fromPrebuiltAdsAndTracking(fetch).then(blocker => {

        at resuablefunction.clickConsent (/Users/bhairavideshmukh/DevopsProject/MyDemoProjectPipeline/Pages/resusablefunction.ts:23:64)
        at /Users/bhairavideshmukh/DevopsProject/MyDemoProjectPipeline/tests/UI Tests/bookstoreUI.spec.ts:16:28

    attachment #1: screenshot (image/png) ──────────────────────────────────────────────────────────
    test-results/tests-UI Tests-bookstoreUI-UI-test-case-1---Login-with-API-created-credentials-chromium/test-failed-1.png
    ────────────────────────────────────────────────────────────────────────────────────────────────

    attachment #2: video (video/webm) ──────────────────────────────────────────────────────────────
    test-results/tests-UI Tests-bookstoreUI-UI-test-case-1---Login-with-API-created-credentials-chromium/video.webm
    ────────────────────────────────────────────────────────────────────────────────────────────────
]]>
</failure>
<system-out>
<![CDATA[This is my UI usernamesCTesting51710420155381
This is my UI passwordTest#123

[[ATTACHMENT|tests-UI Tests-bookstoreUI-UI-test-case-1---Login-with-API-created-credentials-chromium/test-failed-1.png]]

[[ATTACHMENT|tests-UI Tests-bookstoreUI-UI-test-case-1---Login-with-API-created-credentials-chromium/video.webm]]
]]>
</system-out>
</testcase>
<testcase name="UI test case 2 - Login with Invalid credentials" classname="tests/UI Tests/bookstoreUI.spec.ts" time="30">
<failure message="bookstoreUI.spec.ts:25:5 UI test case 2 - Login with Invalid credentials" type="FAILURE">
<![CDATA[  [chromium] › tests/UI Tests/bookstoreUI.spec.ts:25:5 › UI test case 2 - Login with Invalid credentials 

    Test timeout of 30000ms exceeded.

    Error: locator.click: Test timeout of 30000ms exceeded.
    Call log:
      - waiting for getByLabel('Consent', { exact: true })


       at Pages/resusablefunction.ts:23

      21 |
      22 |     async clickConsent() {
    > 23 |         await this.page.getByLabel('Consent', { exact: true }).click();
         |                                                                ^
      24 |     }
      25 |     async handelAdds() {
      26 |         PlaywrightBlocker.fromPrebuiltAdsAndTracking(fetch).then(blocker => {

        at resuablefunction.clickConsent (/Users/bhairavideshmukh/DevopsProject/MyDemoProjectPipeline/Pages/resusablefunction.ts:23:64)
        at /Users/bhairavideshmukh/DevopsProject/MyDemoProjectPipeline/tests/UI Tests/bookstoreUI.spec.ts:31:28

    attachment #1: screenshot (image/png) ──────────────────────────────────────────────────────────
    test-results/tests-UI Tests-bookstoreUI-UI-test-case-2---Login-with-Invalid-credentials-chromium/test-failed-1.png
    ────────────────────────────────────────────────────────────────────────────────────────────────

    attachment #2: video (video/webm) ──────────────────────────────────────────────────────────────
    test-results/tests-UI Tests-bookstoreUI-UI-test-case-2---Login-with-Invalid-credentials-chromium/video.webm
    ────────────────────────────────────────────────────────────────────────────────────────────────
]]>
</failure>
<system-out>
<![CDATA[
[[ATTACHMENT|tests-UI Tests-bookstoreUI-UI-test-case-2---Login-with-Invalid-credentials-chromium/test-failed-1.png]]

[[ATTACHMENT|tests-UI Tests-bookstoreUI-UI-test-case-2---Login-with-Invalid-credentials-chromium/video.webm]]
]]>
</system-out>
</testcase>
</testsuite>
<testsuite name="tests/UI Tests/elements.spec.ts" timestamp="2024-03-14T12:48:46.318Z" hostname="chromium" tests="2" failures="2" skipped="0" time="60.001" errors="0">
<testcase name="Verify TextBox" classname="tests/UI Tests/elements.spec.ts" time="30">
<failure message="elements.spec.ts:14:5 Verify TextBox" type="FAILURE">
<![CDATA[  [chromium] › tests/UI Tests/elements.spec.ts:14:5 › Verify TextBox ───────────────────────────────

    Test timeout of 30000ms exceeded while running "beforeEach" hook.

       5 | import { resuablefunction } from "../../Pages/resusablefunction";
       6 |
    >  7 | test.beforeEach(async ({ page }) => {
         |      ^
       8 |     const resuableFunction = new resuablefunction(page);
       9 |     await resuableFunction.navigateURL()
      10 |     await resuableFunction.clickConsent()

        at /Users/bhairavideshmukh/DevopsProject/MyDemoProjectPipeline/tests/UI Tests/elements.spec.ts:7:6

    Error: locator.click: Test timeout of 30000ms exceeded.
    Call log:
      - waiting for getByLabel('Consent', { exact: true })


       at Pages/resusablefunction.ts:23

      21 |
      22 |     async clickConsent() {
    > 23 |         await this.page.getByLabel('Consent', { exact: true }).click();
         |                                                                ^
      24 |     }
      25 |     async handelAdds() {
      26 |         PlaywrightBlocker.fromPrebuiltAdsAndTracking(fetch).then(blocker => {

        at resuablefunction.clickConsent (/Users/bhairavideshmukh/DevopsProject/MyDemoProjectPipeline/Pages/resusablefunction.ts:23:64)
        at /Users/bhairavideshmukh/DevopsProject/MyDemoProjectPipeline/tests/UI Tests/elements.spec.ts:10:28

    attachment #1: screenshot (image/png) ──────────────────────────────────────────────────────────
    test-results/tests-UI Tests-elements-Verify-TextBox-chromium/test-failed-1.png
    ────────────────────────────────────────────────────────────────────────────────────────────────

    attachment #2: video (video/webm) ──────────────────────────────────────────────────────────────
    test-results/tests-UI Tests-elements-Verify-TextBox-chromium/video.webm
    ────────────────────────────────────────────────────────────────────────────────────────────────
]]>
</failure>
<system-out>
<![CDATA[
[[ATTACHMENT|tests-UI Tests-elements-Verify-TextBox-chromium/test-failed-1.png]]

[[ATTACHMENT|tests-UI Tests-elements-Verify-TextBox-chromium/video.webm]]
]]>
</system-out>
</testcase>
<testcase name="Verify Buttons" classname="tests/UI Tests/elements.spec.ts" time="30.001">
<failure message="elements.spec.ts:21:5 Verify Buttons" type="FAILURE">
<![CDATA[  [chromium] › tests/UI Tests/elements.spec.ts:21:5 › Verify Buttons ───────────────────────────────

    Test timeout of 30000ms exceeded while running "beforeEach" hook.

       5 | import { resuablefunction } from "../../Pages/resusablefunction";
       6 |
    >  7 | test.beforeEach(async ({ page }) => {
         |      ^
       8 |     const resuableFunction = new resuablefunction(page);
       9 |     await resuableFunction.navigateURL()
      10 |     await resuableFunction.clickConsent()

        at /Users/bhairavideshmukh/DevopsProject/MyDemoProjectPipeline/tests/UI Tests/elements.spec.ts:7:6

    Error: locator.click: Test timeout of 30000ms exceeded.
    Call log:
      - waiting for getByLabel('Consent', { exact: true })


       at Pages/resusablefunction.ts:23

      21 |
      22 |     async clickConsent() {
    > 23 |         await this.page.getByLabel('Consent', { exact: true }).click();
         |                                                                ^
      24 |     }
      25 |     async handelAdds() {
      26 |         PlaywrightBlocker.fromPrebuiltAdsAndTracking(fetch).then(blocker => {

        at resuablefunction.clickConsent (/Users/bhairavideshmukh/DevopsProject/MyDemoProjectPipeline/Pages/resusablefunction.ts:23:64)
        at /Users/bhairavideshmukh/DevopsProject/MyDemoProjectPipeline/tests/UI Tests/elements.spec.ts:10:28

    attachment #1: screenshot (image/png) ──────────────────────────────────────────────────────────
    test-results/tests-UI Tests-elements-Verify-Buttons-chromium/test-failed-1.png
    ────────────────────────────────────────────────────────────────────────────────────────────────

    attachment #2: video (video/webm) ──────────────────────────────────────────────────────────────
    test-results/tests-UI Tests-elements-Verify-Buttons-chromium/video.webm
    ────────────────────────────────────────────────────────────────────────────────────────────────
]]>
</failure>
<system-out>
<![CDATA[
[[ATTACHMENT|tests-UI Tests-elements-Verify-Buttons-chromium/test-failed-1.png]]

[[ATTACHMENT|tests-UI Tests-elements-Verify-Buttons-chromium/video.webm]]
]]>
</system-out>
</testcase>
</testsuite>
<testsuite name="tests/UI Tests/forms.spec.ts" timestamp="2024-03-14T12:48:46.318Z" hostname="chromium" tests="1" failures="1" skipped="0" time="30" errors="0">
<testcase name="Test 01 - Form - Practice form - Verify user can submit the form." classname="tests/UI Tests/forms.spec.ts" time="30">
<failure message="forms.spec.ts:6:5 Test 01 - Form - Practice form - Verify user can submit the form." type="FAILURE">
<![CDATA[  [chromium] › tests/UI Tests/forms.spec.ts:6:5 › Test 01 - Form - Practice form - Verify user can submit the form. 

    Test timeout of 30000ms exceeded.

    Error: locator.click: Test timeout of 30000ms exceeded.
    Call log:
      - waiting for getByLabel('Consent', { exact: true })


       at Pages/resusablefunction.ts:23

      21 |
      22 |     async clickConsent() {
    > 23 |         await this.page.getByLabel('Consent', { exact: true }).click();
         |                                                                ^
      24 |     }
      25 |     async handelAdds() {
      26 |         PlaywrightBlocker.fromPrebuiltAdsAndTracking(fetch).then(blocker => {

        at resuablefunction.clickConsent (/Users/bhairavideshmukh/DevopsProject/MyDemoProjectPipeline/Pages/resusablefunction.ts:23:64)
        at /Users/bhairavideshmukh/DevopsProject/MyDemoProjectPipeline/tests/UI Tests/forms.spec.ts:10:28

    attachment #1: screenshot (image/png) ──────────────────────────────────────────────────────────
    test-results/tests-UI Tests-forms-Test-01---Form---Practice-form---Verify-user-can-submit-the-form--chromium/test-failed-1.png
    ────────────────────────────────────────────────────────────────────────────────────────────────

    attachment #2: video (video/webm) ──────────────────────────────────────────────────────────────
    test-results/tests-UI Tests-forms-Test-01---Form---Practice-form---Verify-user-can-submit-the-form--chromium/video.webm
    ────────────────────────────────────────────────────────────────────────────────────────────────
]]>
</failure>
<system-out>
<![CDATA[
[[ATTACHMENT|tests-UI Tests-forms-Test-01---Form---Practice-form---Verify-user-can-submit-the-form--chromium/test-failed-1.png]]

[[ATTACHMENT|tests-UI Tests-forms-Test-01---Form---Practice-form---Verify-user-can-submit-the-form--chromium/video.webm]]
]]>
</system-out>
</testcase>
</testsuite>
</testsuites>